cl : 命令行  warning D9025: 正在重写“/sdl”(用“/GS-”)
  string.cpp
E:\github\cpp-practice\模拟string\模拟string\string.h(29,4): warning C4996: 'strcpy': This function or variable may be unsafe. Consider using strcpy_s instead. To disable deprecation, use _CRT_SECURE_NO_WARNINGS. See online help for details.
  (编译源文件“string.cpp”)
  
E:\github\cpp-practice\模拟string\模拟string\string.h(43,4): warning C4996: 'strcpy': This function or variable may be unsafe. Consider using strcpy_s instead. To disable deprecation, use _CRT_SECURE_NO_WARNINGS. See online help for details.
  (编译源文件“string.cpp”)
  
E:\github\cpp-practice\模拟string\模拟string\string.h(52,5): warning C4996: 'strcpy': This function or variable may be unsafe. Consider using strcpy_s instead. To disable deprecation, use _CRT_SECURE_NO_WARNINGS. See online help for details.
  (编译源文件“string.cpp”)
  
E:\github\cpp-practice\模拟string\模拟string\string.h(144,4): warning C4996: 'strcpy': This function or variable may be unsafe. Consider using strcpy_s instead. To disable deprecation, use _CRT_SECURE_NO_WARNINGS. See online help for details.
  (编译源文件“string.cpp”)
  
E:\github\cpp-practice\模拟string\模拟string\string.h(161,4): warning C4996: 'strcpy': This function or variable may be unsafe. Consider using strcpy_s instead. To disable deprecation, use _CRT_SECURE_NO_WARNINGS. See online help for details.
  (编译源文件“string.cpp”)
  
E:\github\cpp-practice\模拟string\模拟string\string.h(182,5): warning C4996: 'strcpy': This function or variable may be unsafe. Consider using strcpy_s instead. To disable deprecation, use _CRT_SECURE_NO_WARNINGS. See online help for details.
  (编译源文件“string.cpp”)
  
E:\github\cpp-practice\模拟string\模拟string\string.h(251,5): warning C4996: 'strcpy': This function or variable may be unsafe. Consider using strcpy_s instead. To disable deprecation, use _CRT_SECURE_NO_WARNINGS. See online help for details.
  (编译源文件“string.cpp”)
  
E:\github\cpp-practice\模拟string\模拟string\string.h(288,4): warning C4996: 'strcpy': This function or variable may be unsafe. Consider using strcpy_s instead. To disable deprecation, use _CRT_SECURE_NO_WARNINGS. See online help for details.
  (编译源文件“string.cpp”)
  
E:\github\cpp-practice\模拟string\模拟string\string.h(325,11): warning C4267: “初始化”: 从“size_t”转换到“int”，可能丢失数据
  (编译源文件“string.cpp”)
  
E:\github\cpp-practice\模拟string\模拟string\string.h(58,1): warning C4715: “My_String::string::operator=”: 不是所有的控件路径都返回值
E:\github\cpp-practice\模拟string\模拟string\string.h(189,1): warning C4715: “String::string::operator=”: 不是所有的控件路径都返回值
  模拟string.vcxproj -> E:\github\cpp-practice\模拟string\x64\Debug\模拟string.exe
